<?xml version="1.0" encoding="UTF-8"?>
<!-- Generated by org.testng.reporters.JUnitXMLReporter -->
<testsuite ignored="0" hostname="DESKTOP-9ERC48F" failures="1" tests="4" name="Command line test" time="152.132" errors="0" timestamp="2021-02-06T10:13:16 CET">
  <testcase classname="pack.Test_Fcb" name="Test1" time="1.809"/>
  <testcase classname="pack.Test_Fcb" name="Test1" time="0.578"/>
  <testcase classname="pack.Test_Fcb" name="Test1" time="0.131"/>
  <testcase classname="pack.Test_titre" name="Test1" time="0.0">
    <failure type="org.testng.TestNGException" message="
Method public void pack.Test_titre.Test1(java.lang.String,java.lang.String) requires a @DataProvider named : getdata">
      <![CDATA[org.testng.TestNGException: 
Method public void pack.Test_titre.Test1(java.lang.String,java.lang.String) requires a @DataProvider named : getdata
at java.base/java.util.ArrayList.forEach(ArrayList.java:1541)
... Removed 34 stack frames]]>
    </failure>
  </testcase> <!-- Test1 -->
</testsuite> <!-- Command line test -->
